0 info it worked if it ends with ok
1 verbose cli [ '/home/stivenson/node-v6.9.1-linux-x64/bin/node',
1 verbose cli   '/home/stivenson/node-v6.9.1-linux-x64/bin/npm',
1 verbose cli   'start' ]
2 info using npm@3.10.8
3 info using node@v6.9.1
4 verbose run-script [ 'prestart', 'start', 'poststart' ]
5 info lifecycle crud-example-2@1.0.0~prestart: crud-example-2@1.0.0
6 silly lifecycle crud-example-2@1.0.0~prestart: no script for prestart, continuing
7 info lifecycle crud-example-2@1.0.0~start: crud-example-2@1.0.0
8 verbose lifecycle crud-example-2@1.0.0~start: unsafe-perm in lifecycle true
9 verbose lifecycle crud-example-2@1.0.0~start: PATH: /home/stivenson/node-v6.9.1-linux-x64/lib/node_modules/npm/bin/node-gyp-bin:/home/stivenson/projects/study/Nodejs-Study/crud-example-2/node_modules/.bin:/usr/lib64/qt-3.3/bin:/usr/lib64/ccache:/usr/local/heroku/bin:/usr/local/heroku/bin:/home/stivenson/.rvm/gems/ruby-2.3.1/bin:/home/stivenson/.rvm/gems/ruby-2.3.1@global/bin:/home/stivenson/.rvm/rubies/ruby-2.3.1/bin:/usr/local/bin:/usr/local/sbin:/usr/bin:/usr/sbin:/home/stivenson/.rvm/bin:/home/stivenson/.composer/vendor/bin:/home/stivenson/.rvm/bin:/home/stivenson/.local/bin:/home/stivenson/bin:/home/stivenson/node-v6.9.1-linux-x64/bin:/usr/bin/:/home/stivenson/.rvm/bin
10 verbose lifecycle crud-example-2@1.0.0~start: CWD: /home/stivenson/projects/study/Nodejs-Study/crud-example-2
11 silly lifecycle crud-example-2@1.0.0~start: Args: [ '-c', 'node app.js' ]
12 silly lifecycle crud-example-2@1.0.0~start: Returned: code: 1  signal: null
13 info lifecycle crud-example-2@1.0.0~start: Failed to exec start script
14 verbose stack Error: crud-example-2@1.0.0 start: `node app.js`
14 verbose stack Exit status 1
14 verbose stack     at EventEmitter.<anonymous> (/home/stivenson/node-v6.9.1-linux-x64/lib/node_modules/npm/lib/utils/lifecycle.js:255:16)
14 verbose stack     at emitTwo (events.js:106:13)
14 verbose stack     at EventEmitter.emit (events.js:191:7)
14 verbose stack     at ChildProcess.<anonymous> (/home/stivenson/node-v6.9.1-linux-x64/lib/node_modules/npm/lib/utils/spawn.js:40:14)
14 verbose stack     at emitTwo (events.js:106:13)
14 verbose stack     at ChildProcess.emit (events.js:191:7)
14 verbose stack     at maybeClose (internal/child_process.js:877:16)
14 verbose stack     at Process.ChildProcess._handle.onexit (internal/child_process.js:226:5)
15 verbose pkgid crud-example-2@1.0.0
16 verbose cwd /home/stivenson/projects/study/Nodejs-Study/crud-example-2
17 error Linux 4.9.9-100.fc24.x86_64
18 error argv "/home/stivenson/node-v6.9.1-linux-x64/bin/node" "/home/stivenson/node-v6.9.1-linux-x64/bin/npm" "start"
19 error node v6.9.1
20 error npm  v3.10.8
21 error code ELIFECYCLE
22 error crud-example-2@1.0.0 start: `node app.js`
22 error Exit status 1
23 error Failed at the crud-example-2@1.0.0 start script 'node app.js'.
23 error Make sure you have the latest version of node.js and npm installed.
23 error If you do, this is most likely a problem with the crud-example-2 package,
23 error not with npm itself.
23 error Tell the author that this fails on your system:
23 error     node app.js
23 error You can get information on how to open an issue for this project with:
23 error     npm bugs crud-example-2
23 error Or if that isn't available, you can get their info via:
23 error     npm owner ls crud-example-2
23 error There is likely additional logging output above.
24 verbose exit [ 1, true ]
